<?xml version="1.0" encoding="UTF-8"?>
<testng-results skipped="0" failed="0" ignored="0" total="0" passed="0">
  <reporter-output>
  </reporter-output>
  <suite name="Suite" duration-ms="28739" started-at="2021-09-28T23:12:52 IST" finished-at="2021-09-28T23:13:21 IST">
    <groups>
    </groups>
    <test name="cucumber test" duration-ms="28739" started-at="2021-09-28T23:12:52 IST" finished-at="2021-09-28T23:13:21 IST">
    </test> <!-- cucumber test -->
  </suite> <!-- Suite -->
</testng-results>
