<?xml version="1.0" encoding="UTF-8"?>
<testng-results skipped="0" failed="0" ignored="0" total="0" passed="0">
  <reporter-output>
  </reporter-output>
  <suite name="Suite" duration-ms="4072" started-at="2022-02-11T14:37:16 IST" finished-at="2022-02-11T14:37:20 IST">
    <groups>
    </groups>
    <test name="cucumber test" duration-ms="4072" started-at="2022-02-11T14:37:16 IST" finished-at="2022-02-11T14:37:20 IST">
    </test> <!-- cucumber test -->
  </suite> <!-- Suite -->
</testng-results>
