<?xml version="1.0" encoding="UTF-8"?>
<testng-results skipped="0" failed="1" ignored="0" total="1" passed="0">
  <reporter-output>
  </reporter-output>
  <suite name="Default suite" duration-ms="33341" started-at="2021-09-17T11:01:36 IST" finished-at="2021-09-17T11:02:09 IST">
    <groups>
    </groups>
    <test name="Default test" duration-ms="33341" started-at="2021-09-17T11:01:36 IST" finished-at="2021-09-17T11:02:09 IST">
      <class name="com.stepDefinitions.FindBrokenLink">
        <test-method status="PASS" signature="Setup()[pri:0, instance:com.stepDefinitions.FindBrokenLink@30a3107a]" name="Setup" is-config="true" duration-ms="10370" started-at="2021-09-17T11:01:25 IST" finished-at="2021-09-17T11:01:36 IST">
          <reporter-output>
          </reporter-output>
        </test-method> <!-- Setup -->
        <test-method status="FAIL" signature="findAllLinks()[pri:0, instance:com.stepDefinitions.FindBrokenLink@30a3107a]" name="findAllLinks" duration-ms="33298" started-at="2021-09-17T11:01:36 IST" finished-at="2021-09-17T11:02:09 IST">
          <exception class="java.net.ProtocolException">
            <message>
              <![CDATA[Server redirected too many  times (20)]]>
            </message>
            <full-stacktrace>
              <![CDATA[java.net.ProtocolException: Server redirected too many  times (20)
at sun.net.www.protocol.http.HttpURLConnection.getInputStream0(Unknown Source)
at sun.net.www.protocol.http.HttpURLConnection.getInputStream(Unknown Source)
at java.net.HttpURLConnection.getResponseCode(Unknown Source)
at sun.net.www.protocol.https.HttpsURLConnectionImpl.getResponseCode(Unknown Source)
at com.stepDefinitions.FindBrokenLink.findAllLinks(FindBrokenLink.java:50)
at sun.reflect.NativeMethodAccessorImpl.invoke0(Native Method)
at sun.reflect.NativeMethodAccessorImpl.invoke(Unknown Source)
at sun.reflect.DelegatingMethodAccessorImpl.invoke(Unknown Source)
at java.lang.reflect.Method.invoke(Unknown Source)
at org.testng.internal.MethodInvocationHelper.invokeMethod(MethodInvocationHelper.java:134)
at org.testng.internal.TestInvoker.invokeMethod(TestInvoker.java:597)
at org.testng.internal.TestInvoker.invokeTestMethod(TestInvoker.java:173)
at org.testng.internal.MethodRunner.runInSequence(MethodRunner.java:46)
at org.testng.internal.TestInvoker$MethodInvocationAgent.invoke(TestInvoker.java:816)
at org.testng.internal.TestInvoker.invokeTestMethods(TestInvoker.java:146)
at org.testng.internal.TestMethodWorker.invokeTestMethods(TestMethodWorker.java:146)
at org.testng.internal.TestMethodWorker.run(TestMethodWorker.java:128)
at org.testng.TestRunner$$Lambda$245/811597470.accept(Unknown Source)
at java.util.ArrayList.forEach(Unknown Source)
at org.testng.TestRunner.privateRun(TestRunner.java:766)
at org.testng.TestRunner.run(TestRunner.java:587)
at org.testng.SuiteRunner.runTest(SuiteRunner.java:384)
at org.testng.SuiteRunner.runSequentially(SuiteRunner.java:378)
at org.testng.SuiteRunner.privateRun(SuiteRunner.java:337)
at org.testng.SuiteRunner.run(SuiteRunner.java:286)
at org.testng.SuiteRunnerWorker.runSuite(SuiteRunnerWorker.java:53)
at org.testng.SuiteRunnerWorker.run(SuiteRunnerWorker.java:96)
at org.testng.TestNG.runSuitesSequentially(TestNG.java:1187)
at org.testng.TestNG.runSuitesLocally(TestNG.java:1109)
at org.testng.TestNG.runSuites(TestNG.java:1039)
at org.testng.TestNG.run(TestNG.java:1007)
at org.testng.remote.AbstractRemoteTestNG.run(AbstractRemoteTestNG.java:115)
at org.testng.remote.RemoteTestNG.initAndRun(RemoteTestNG.java:251)
at org.testng.remote.RemoteTestNG.main(RemoteTestNG.java:77)
]]>
            </full-stacktrace>
          </exception> <!-- java.net.ProtocolException -->
          <reporter-output>
          </reporter-output>
        </test-method> <!-- findAllLinks -->
        <test-method status="PASS" signature="tearDown()[pri:0, instance:com.stepDefinitions.FindBrokenLink@30a3107a]" name="tearDown" is-config="true" duration-ms="997" started-at="2021-09-17T11:02:09 IST" finished-at="2021-09-17T11:02:10 IST">
          <reporter-output>
          </reporter-output>
        </test-method> <!-- tearDown -->
      </class> <!-- com.stepDefinitions.FindBrokenLink -->
    </test> <!-- Default test -->
  </suite> <!-- Default suite -->
</testng-results>
